vitamio-sample/build/outputs/logs/manifest-merger-debug-report.txt
-- Merging decision tree log ---
manifest
ADDED from TextThread\vitamio-sample\AndroidManifest.xml:2:1-89:12
INJECTED from TextThread\vitamio-sample\AndroidManifest.xml:2:1-89:12
INJECTED from TextThread\vitamio-sample\AndroidManifest.xml:2:1-89:12
INJECTED from TextThread\vitamio-sample\AndroidManifest.xml:2:1-89:12
MERGED from [:vitamio] AndroidManifest.xml:2:1-24:12
MERGED from [com.android.support:appcompat-v7:28.0.0] AndroidManifest.xml:17:1-22:12
MERGED from [com.android.support:support-fragment:28.0.0] AndroidManifest.xml:17:1-22:12
MERGED from [com.android.support:animated-vector-drawable:28.0.0] AndroidManifest.xml:17:1-22:12
MERGED from [com.android.support:support-core-ui:28.0.0] AndroidManifest.xml:17:1-22:12
MERGED from [com.android.support:support-core-utils:28.0.0] AndroidManifest.xml:17:1-22:12
MERGED from [com.android.support:support-vector-drawable:28.0.0] AndroidManifest.xml:17:1-22:12
MERGED from [com.android.support:loader:28.0.0] AndroidManifest.xml:17:1-22:12
MERGED from [com.android.support:viewpager:28.0.0] AndroidManifest.xml:17:1-22:12
MERGED from [com.android.support:coordinatorlayout:28.0.0] AndroidManifest.xml:17:1-22:12
MERGED from [com.android.support:drawerlayout:28.0.0] AndroidManifest.xml:17:1-22:12
MERGED from [com.android.support:slidingpanelayout:28.0.0] AndroidManifest.xml:17:1-22:12
MERGED from [com.android.support:customview:28.0.0] AndroidManifest.xml:17:1-22:12
MERGED from [com.android.support:swiperefreshlayout:28.0.0] AndroidManifest.xml:17:1-22:12
MERGED from [com.android.support:asynclayoutinflater:28.0.0] AndroidManifest.xml:17:1-22:12
MERGED from [com.android.support:support-compat:28.0.0] AndroidManifest.xml:17:1-24:12
MERGED from [com.android.support:versionedparcelable:28.0.0] AndroidManifest.xml:17:1-25:12
MERGED from [com.android.support:cursoradapter:28.0.0] AndroidManifest.xml:17:1-22:12
MERGED from [android.arch.lifecycle:runtime:1.1.1] AndroidManifest.xml:17:1-22:12
MERGED from [com.android.support:documentfile:28.0.0] AndroidManifest.xml:17:1-22:12
MERGED from [com.android.support:localbroadcastmanager:28.0.0] AndroidManifest.xml:17:1-22:12
MERGED from [com.android.support:print:28.0.0] AndroidManifest.xml:17:1-22:12
MERGED from [android.arch.lifecycle:viewmodel:1.1.1] AndroidManifest.xml:17:1-22:12
MERGED from [android.arch.lifecycle:livedata:1.1.1] AndroidManifest.xml:17:1-22:12
MERGED from [android.arch.lifecycle:livedata-core:1.1.1] AndroidManifest.xml:17:1-22:12
MERGED from [android.arch.core:runtime:1.1.1] AndroidManifest.xml:17:1-22:12
MERGED from [com.android.support:interpolator:28.0.0] AndroidManifest.xml:17:1-22:12
INJECTED from TextThread\vitamio-sample\AndroidManifest.xml:2:1-89:12
INJECTED from TextThread\vitamio-sample\AndroidManifest.xml:2:1-89:12
INJECTED from TextThread\vitamio-sample\AndroidManifest.xml:2:1-89:12
	package
		ADDED from TextThread\vitamio-sample\AndroidManifest.xml:4:5-34
		INJECTED from TextThread\vitamio-sample\AndroidManifest.xml
		INJECTED from TextThread\vitamio-sample\AndroidManifest.xml
	android:versionName
		ADDED from TextThread\vitamio-sample\AndroidManifest.xml:6:5-32
		INJECTED from TextThread\vitamio-sample\AndroidManifest.xml
		INJECTED from TextThread\vitamio-sample\AndroidManifest.xml
	xmlns:tools
		ADDED from TextThread\vitamio-sample\AndroidManifest.xml:3:5-51
	xmlns:android
		ADDED from TextThread\vitamio-sample\AndroidManifest.xml:2:11-69
	android:versionCode
		ADDED from TextThread\vitamio-sample\AndroidManifest.xml:5:5-30
		INJECTED from TextThread\vitamio-sample\AndroidManifest.xml
		INJECTED from TextThread\vitamio-sample\AndroidManifest.xml
uses-permission#android.permission.WAKE_LOCK
ADDED from TextThread\vitamio-sample\AndroidManifest.xml:10:5-68
MERGED from [:vitamio] AndroidManifest.xml:11:5-68
MERGED from [:vitamio] AndroidManifest.xml:11:5-68
	android:name
		ADDED from TextThread\vitamio-sample\AndroidManifest.xml:10:22-65
uses-permission#android.permission.INTERNET
ADDED from TextThread\vitamio-sample\AndroidManifest.xml:11:5-67
MERGED from [:vitamio] AndroidManifest.xml:12:5-67
MERGED from [:vitamio] AndroidManifest.xml:12:5-67
	android:name
		ADDED from TextThread\vitamio-sample\AndroidManifest.xml:11:22-64
uses-permission#android.permission.ACCESS_NETWORK_STATE
ADDED from TextThread\vitamio-sample\AndroidManifest.xml:12:5-79
MERGED from [:vitamio] AndroidManifest.xml:13:5-79
MERGED from [:vitamio] AndroidManifest.xml:13:5-79
	android:name
		ADDED from TextThread\vitamio-sample\AndroidManifest.xml:12:22-76
uses-permission#android.permission.READ_EXTERNAL_STORAGE
ADDED from TextThread\vitamio-sample\AndroidManifest.xml:13:5-80
	android:name
		ADDED from TextThread\vitamio-sample\AndroidManifest.xml:13:22-77
uses-permission#android.permission.ACCESS_WIFI_STATE
ADDED from TextThread\vitamio-sample\AndroidManifest.xml:14:5-76
	android:name
		ADDED from TextThread\vitamio-sample\AndroidManifest.xml:14:22-73
uses-permission#android.permission.READ_PHONE_STATE
ADDED from TextThread\vitamio-sample\AndroidManifest.xml:15:5-75
	android:name
		ADDED from TextThread\vitamio-sample\AndroidManifest.xml:15:22-72
application
ADDED from TextThread\vitamio-sample\AndroidManifest.xml:17:5-87:19
MERGED from [:vitamio] AndroidManifest.xml:15:5-22:19
MERGED from [:vitamio] AndroidManifest.xml:15:5-22:19
MERGED from [com.android.support:support-compat:28.0.0] AndroidManifest.xml:22:5-94
MERGED from [com.android.support:support-compat:28.0.0] AndroidManifest.xml:22:5-94
MERGED from [com.android.support:versionedparcelable:28.0.0] AndroidManifest.xml:22:5-23:19
MERGED from [com.android.support:versionedparcelable:28.0.0] AndroidManifest.xml:22:5-23:19
	android:appComponentFactory
		ADDED from [com.android.support:support-compat:28.0.0] AndroidManifest.xml:22:18-91
	android:label
		ADDED from TextThread\vitamio-sample\AndroidManifest.xml:20:9-50
	tools:ignore
		ADDED from TextThread\vitamio-sample\AndroidManifest.xml:21:9-48
	android:icon
		ADDED from TextThread\vitamio-sample\AndroidManifest.xml:19:9-45
	android:allowBackup
		ADDED from TextThread\vitamio-sample\AndroidManifest.xml:18:9-36
activity#io.vov.vitamio.activity.InitActivity
ADDED from TextThread\vitamio-sample\AndroidManifest.xml:24:9-29:63
MERGED from [:vitamio] AndroidManifest.xml:16:9-21:63
MERGED from [:vitamio] AndroidManifest.xml:16:9-21:63
	android:launchMode
		ADDED from TextThread\vitamio-sample\AndroidManifest.xml:27:13-43
	android:windowSoftInputMode
		ADDED from TextThread\vitamio-sample\AndroidManifest.xml:29:13-60
	android:configChanges
		ADDED from TextThread\vitamio-sample\AndroidManifest.xml:26:13-113
	android:theme
		ADDED from TextThread\vitamio-sample\AndroidManifest.xml:28:13-60
	android:name
		ADDED from TextThread\vitamio-sample\AndroidManifest.xml:25:13-64
activity#io.vov.vitamio.demo.VitamioListActivity
ADDED from TextThread\vitamio-sample\AndroidManifest.xml:30:9-37:20
	android:name
		ADDED from TextThread\vitamio-sample\AndroidManifest.xml:30:19-54
activity#io.vov.vitamio.demo.MediaPlayerDemo
ADDED from TextThread\vitamio-sample\AndroidManifest.xml:38:9-41:20
	android:label
		ADDED from TextThread\vitamio-sample\AndroidManifest.xml:40:13-46
	android:name
		ADDED from TextThread\vitamio-sample\AndroidManifest.xml:39:13-44
activity#io.vov.vitamio.demo.VideoViewDemo
ADDED from TextThread\vitamio-sample\AndroidManifest.xml:42:9-46:20
	android:label
		ADDED from TextThread\vitamio-sample\AndroidManifest.xml:45:13-44
	android:configChanges
		ADDED from TextThread\vitamio-sample\AndroidManifest.xml:44:13-113
	android:name
		ADDED from TextThread\vitamio-sample\AndroidManifest.xml:43:13-42
activity#io.vov.vitamio.demo.MediaPlayerDemo_Video
ADDED from TextThread\vitamio-sample\AndroidManifest.xml:47:9-50:20
	android:label
		ADDED from TextThread\vitamio-sample\AndroidManifest.xml:49:13-46
	android:name
		ADDED from TextThread\vitamio-sample\AndroidManifest.xml:48:13-50
activity#io.vov.vitamio.demo.MediaPlayerDemo_setSurface
ADDED from TextThread\vitamio-sample\AndroidManifest.xml:51:9-54:20
	android:label
		ADDED from TextThread\vitamio-sample\AndroidManifest.xml:53:13-46
	android:name
		ADDED from TextThread\vitamio-sample\AndroidManifest.xml:52:13-55
activity#io.vov.vitamio.demo.MediaPlayerDemo_Audio
ADDED from TextThread\vitamio-sample\AndroidManifest.xml:55:9-58:20
	android:label
		ADDED from TextThread\vitamio-sample\AndroidManifest.xml:57:13-46
	android:name
		ADDED from TextThread\vitamio-sample\AndroidManifest.xml:56:13-50
activity#io.vov.vitamio.demo.MediaMetadataRetrieverDemo
ADDED from TextThread\vitamio-sample\AndroidManifest.xml:59:9-62:20
	android:label
		ADDED from TextThread\vitamio-sample\AndroidManifest.xml:61:13-48
	android:name
		ADDED from TextThread\vitamio-sample\AndroidManifest.xml:60:13-55
activity#io.vov.vitamio.demo.MediaPlayerSubtitle
ADDED from TextThread\vitamio-sample\AndroidManifest.xml:63:9-66:20
	android:label
		ADDED from TextThread\vitamio-sample\AndroidManifest.xml:65:13-73
	android:name
		ADDED from TextThread\vitamio-sample\AndroidManifest.xml:64:13-48
activity#io.vov.vitamio.demo.VideoViewSubtitle
ADDED from TextThread\vitamio-sample\AndroidManifest.xml:67:9-70:20
	android:label
		ADDED from TextThread\vitamio-sample\AndroidManifest.xml:69:13-71
	android:name
		ADDED from TextThread\vitamio-sample\AndroidManifest.xml:68:13-46
activity#io.vov.vitamio.demo.VideoSubtitleList
ADDED from TextThread\vitamio-sample\AndroidManifest.xml:71:9-74:20
	android:label
		ADDED from TextThread\vitamio-sample\AndroidManifest.xml:73:13-71
	android:name
		ADDED from TextThread\vitamio-sample\AndroidManifest.xml:72:13-46
activity#io.vov.vitamio.demo.VideoViewBuffer
ADDED from TextThread\vitamio-sample\AndroidManifest.xml:75:9-78:20
	android:label
		ADDED from TextThread\vitamio-sample\AndroidManifest.xml:77:13-64
	android:name
		ADDED from TextThread\vitamio-sample\AndroidManifest.xml:76:13-44
meta-data#UMENG_APPKEY
ADDED from TextThread\vitamio-sample\AndroidManifest.xml:79:10-82:21
	android:value
		ADDED from TextThread\vitamio-sample\AndroidManifest.xml:81:13-53
	android:name
		ADDED from TextThread\vitamio-sample\AndroidManifest.xml:80:13-40
meta-data#UMENG_CHANNEL
ADDED from TextThread\vitamio-sample\AndroidManifest.xml:83:9-86:21
	android:value
		ADDED from TextThread\vitamio-sample\AndroidManifest.xml:85:13-33
	android:name
		ADDED from TextThread\vitamio-sample\AndroidManifest.xml:84:13-41
uses-sdk
INJECTED from TextThread\vitamio-sample\AndroidManifest.xml reason: use-sdk injection requested
INJECTED from TextThread\vitamio-sample\AndroidManifest.xml
INJECTED from TextThread\vitamio-sample\AndroidManifest.xml
MERGED from [:vitamio] AndroidManifest.xml:7:5-9:41
MERGED from [:vitamio] AndroidManifest.xml:7:5-9:41
MERGED from [com.android.support:appcompat-v7:28.0.0] AndroidManifest.xml:20:5-44
MERGED from [com.android.support:appcompat-v7:28.0.0] AndroidManifest.xml:20:5-44
MERGED from [com.android.support:support-fragment:28.0.0] AndroidManifest.xml:20:5-44
MERGED from [com.android.support:support-fragment:28.0.0] AndroidManifest.xml:20:5-44
MERGED from [com.android.support:animated-vector-drawable:28.0.0] AndroidManifest.xml:20:5-44
MERGED from [com.android.support:animated-vector-drawable:28.0.0] AndroidManifest.xml:20:5-44
MERGED from [com.android.support:support-core-ui:28.0.0] AndroidManifest.xml:20:5-44
MERGED from [com.android.support:support-core-ui:28.0.0] AndroidManifest.xml:20:5-44
MERGED from [com.android.support:support-core-utils:28.0.0] AndroidManifest.xml:20:5-44
MERGED from [com.android.support:support-core-utils:28.0.0] AndroidManifest.xml:20:5-44
MERGED from [com.android.support:support-vector-drawable:28.0.0] AndroidManifest.xml:20:5-44
MERGED from [com.android.support:support-vector-drawable:28.0.0] AndroidManifest.xml:20:5-44
MERGED from [com.android.support:loader:28.0.0] AndroidManifest.xml:20:5-44
MERGED from [com.android.support:loader:28.0.0] AndroidManifest.xml:20:5-44
MERGED from [com.android.support:viewpager:28.0.0] AndroidManifest.xml:20:5-44
MERGED from [com.android.support:viewpager:28.0.0] AndroidManifest.xml:20:5-44
MERGED from [com.android.support:coordinatorlayout:28.0.0] AndroidManifest.xml:20:5-44
MERGED from [com.android.support:coordinatorlayout:28.0.0] AndroidManifest.xml:20:5-44
MERGED from [com.android.support:drawerlayout:28.0.0] AndroidManifest.xml:20:5-44
MERGED from [com.android.support:drawerlayout:28.0.0] AndroidManifest.xml:20:5-44
MERGED from [com.android.support:slidingpanelayout:28.0.0] AndroidManifest.xml:20:5-44
MERGED from [com.android.support:slidingpanelayout:28.0.0] AndroidManifest.xml:20:5-44
MERGED from [com.android.support:customview:28.0.0] AndroidManifest.xml:20:5-44
MERGED from [com.android.support:customview:28.0.0] AndroidManifest.xml:20:5-44
MERGED from [com.android.support:swiperefreshlayout:28.0.0] AndroidManifest.xml:20:5-44
MERGED from [com.android.support:swiperefreshlayout:28.0.0] AndroidManifest.xml:20:5-44
MERGED from [com.android.support:asynclayoutinflater:28.0.0] AndroidManifest.xml:20:5-44
MERGED from [com.android.support:asynclayoutinflater:28.0.0] AndroidManifest.xml:20:5-44
MERGED from [com.android.support:support-compat:28.0.0] AndroidManifest.xml:20:5-44
MERGED from [com.android.support:support-compat:28.0.0] AndroidManifest.xml:20:5-44
MERGED from [com.android.support:versionedparcelable:28.0.0] AndroidManifest.xml:20:5-44
MERGED from [com.android.support:versionedparcelable:28.0.0] AndroidManifest.xml:20:5-44
MERGED from [com.android.support:cursoradapter:28.0.0] AndroidManifest.xml:20:5-44
MERGED from [com.android.support:cursoradapter:28.0.0] AndroidManifest.xml:20:5-44
MERGED from [android.arch.lifecycle:runtime:1.1.1] AndroidManifest.xml:20:5-44
MERGED from [android.arch.lifecycle:runtime:1.1.1] AndroidManifest.xml:20:5-44
MERGED from [com.android.support:documentfile:28.0.0] AndroidManifest.xml:20:5-44
MERGED from [com.android.support:documentfile:28.0.0] AndroidManifest.xml:20:5-44
MERGED from [com.android.support:localbroadcastmanager:28.0.0] AndroidManifest.xml:20:5-44
MERGED from [com.android.support:localbroadcastmanager:28.0.0] AndroidManifest.xml:20:5-44
MERGED from [com.android.support:print:28.0.0] AndroidManifest.xml:20:5-44
MERGED from [com.android.support:print:28.0.0] AndroidManifest.xml:20:5-44
MERGED from [android.arch.lifecycle:viewmodel:1.1.1] AndroidManifest.xml:20:5-44
MERGED from [android.arch.lifecycle:viewmodel:1.1.1] AndroidManifest.xml:20:5-44
MERGED from [android.arch.lifecycle:livedata:1.1.1] AndroidManifest.xml:20:5-44
MERGED from [android.arch.lifecycle:livedata:1.1.1] AndroidManifest.xml:20:5-44
MERGED from [android.arch.lifecycle:livedata-core:1.1.1] AndroidManifest.xml:20:5-44
MERGED from [android.arch.lifecycle:livedata-core:1.1.1] AndroidManifest.xml:20:5-44
MERGED from [android.arch.core:runtime:1.1.1] AndroidManifest.xml:20:5-44
MERGED from [android.arch.core:runtime:1.1.1] AndroidManifest.xml:20:5-44
MERGED from [com.android.support:interpolator:28.0.0] AndroidManifest.xml:20:5-44
MERGED from [com.android.support:interpolator:28.0.0] AndroidManifest.xml:20:5-44
INJECTED from TextThread\vitamio-sample\AndroidManifest.xml
INJECTED from TextThread\vitamio-sample\AndroidManifest.xml
	android:targetSdkVersion
		INJECTED from TextThread\vitamio-sample\AndroidManifest.xml
		ADDED from TextThread\vitamio-sample\AndroidManifest.xml
		INJECTED from TextThread\vitamio-sample\AndroidManifest.xml
	android:minSdkVersion
		INJECTED from TextThread\vitamio-sample\AndroidManifest.xml
		ADDED from TextThread\vitamio-sample\AndroidManifest.xml
		INJECTED from TextThread\vitamio-sample\AndroidManifest.xml